<?xml version="1.0" encoding="UTF-8"?>
<!-- Generated by org.testng.reporters.JUnitReportReporter -->
<testsuite hostname="SmartMacs-MacBook-Pro.local" failures="0" tests="2" name="SampleCode.AndroidBasicInteractionTest" time="18.790" errors="0" timestamp="20 Sep 2018 03:05:45 GMT" skipped="0">
  <testcase classname="SampleCode.AndroidBasicInteractionTest" name="test" time="10.959"/>
  <testcase classname="SampleCode.AndroidBasicInteractionTest" name="testOpensAlert" time="7.831"/>
</testsuite> <!-- SampleCode.AndroidBasicInteractionTest -->
